{"/home/savio777/Documentos/savio/rn-tests/src/assets/images/star.png": {"path":"/home/savio777/Documentos/savio/rn-tests/src/assets/images/star.png","statementMap":{"0":{"start":{"line":1,"column":0},"end":{"line":4,"column":6}}},"fnMap":{},"branchMap":{},"s":{"0":1},"f":{},"b":{},"inputSourceMap":null,"_coverageSchema":"1a1c01bbd47fc00a2c39e90264f33305004495a9","hash":"31daa14a6aceb4bee8afd486c78f953f9ce6b843"}
,"/home/savio777/Documentos/savio/rn-tests/src/components/ImageIcon/ImageIcon.tsx": {"path":"/home/savio777/Documentos/savio/rn-tests/src/components/ImageIcon/ImageIcon.tsx","statementMap":{"0":{"start":{"line":10,"column":2},"end":{"line":18,"column":4}}},"fnMap":{"0":{"name":"ImageIcon","decl":{"start":{"line":9,"column":16},"end":{"line":9,"column":25}},"loc":{"start":{"line":9,"column":70},"end":{"line":19,"column":1}},"line":9}},"branchMap":{"0":{"loc":{"start":{"line":9,"column":42},"end":{"line":9,"column":51}},"type":"default-arg","locations":[{"start":{"line":9,"column":49},"end":{"line":9,"column":51}}],"line":9}},"s":{"0":2},"f":{"0":2},"b":{"0":[2]},"_coverageSchema":"1a1c01bbd47fc00a2c39e90264f33305004495a9","hash":"b33a375ad2b0bff47d68690c7af40253e4517314"}
,"/home/savio777/Documentos/savio/rn-tests/src/components/StarRating/StarRating.tsx": {"path":"/home/savio777/Documentos/savio/rn-tests/src/components/StarRating/StarRating.tsx","statementMap":{"0":{"start":{"line":8,"column":17},"end":{"line":8,"column":56}},"1":{"start":{"line":14,"column":2},"end":{"line":16,"column":3}},"2":{"start":{"line":15,"column":4},"end":{"line":15,"column":16}},"3":{"start":{"line":18,"column":2},"end":{"line":23,"column":4}},"4":{"start":{"line":26,"column":15},"end":{"line":35,"column":2}}},"fnMap":{"0":{"name":"StarRating","decl":{"start":{"line":13,"column":16},"end":{"line":13,"column":26}},"loc":{"start":{"line":13,"column":44},"end":{"line":24,"column":1}},"line":13}},"branchMap":{"0":{"loc":{"start":{"line":14,"column":2},"end":{"line":16,"column":3}},"type":"if","locations":[{"start":{"line":14,"column":2},"end":{"line":16,"column":3}},{"start":{},"end":{}}],"line":14}},"s":{"0":1,"1":3,"2":1,"3":2,"4":1},"f":{"0":3},"b":{"0":[1,2]},"_coverageSchema":"1a1c01bbd47fc00a2c39e90264f33305004495a9","hash":"2af0d5ff2cbe9b8bcff5c93c9efa81488faf3264"}
,"/home/savio777/Documentos/savio/rn-tests/src/screens/ShowDetailsScreen/components/SeasonModal/SeasonModal.tsx": {"path":"/home/savio777/Documentos/savio/rn-tests/src/screens/ShowDetailsScreen/components/SeasonModal/SeasonModal.tsx","statementMap":{"0":{"start":{"line":12,"column":27},"end":{"line":38,"column":1}},"1":{"start":{"line":15,"column":6},"end":{"line":15,"column":28}},"2":{"start":{"line":16,"column":6},"end":{"line":16,"column":28}},"3":{"start":{"line":19,"column":4},"end":{"line":36,"column":6}},"4":{"start":{"line":27,"column":12},"end":{"line":32,"column":19}},"5":{"start":{"line":29,"column":29},"end":{"line":29,"column":49}},"6":{"start":{"line":40,"column":15},"end":{"line":52,"column":2}}},"fnMap":{"0":{"name":"(anonymous_0)","decl":{"start":{"line":13,"column":2},"end":{"line":13,"column":3}},"loc":{"start":{"line":13,"column":38},"end":{"line":37,"column":3}},"line":13},"1":{"name":"handleSelect","decl":{"start":{"line":14,"column":13},"end":{"line":14,"column":25}},"loc":{"start":{"line":14,"column":41},"end":{"line":17,"column":5}},"line":14},"2":{"name":"(anonymous_2)","decl":{"start":{"line":26,"column":23},"end":{"line":26,"column":24}},"loc":{"start":{"line":27,"column":12},"end":{"line":32,"column":19}},"line":27},"3":{"name":"(anonymous_3)","decl":{"start":{"line":29,"column":23},"end":{"line":29,"column":24}},"loc":{"start":{"line":29,"column":29},"end":{"line":29,"column":49}},"line":29}},"branchMap":{},"s":{"0":1,"1":1,"2":1,"3":2,"4":6,"5":1,"6":1},"f":{"0":2,"1":1,"2":6,"3":1},"b":{},"_coverageSchema":"1a1c01bbd47fc00a2c39e90264f33305004495a9","hash":"7a2391910f45527b9fcc2d7ead56d9a2a162290f"}
,"/home/savio777/Documentos/savio/rn-tests/src/styles/colors.ts": {"path":"/home/savio777/Documentos/savio/rn-tests/src/styles/colors.ts","statementMap":{"0":{"start":{"line":1,"column":22},"end":{"line":9,"column":1}}},"fnMap":{},"branchMap":{},"s":{"0":2},"f":{},"b":{},"_coverageSchema":"1a1c01bbd47fc00a2c39e90264f33305004495a9","hash":"5fe64437533c5ddbf8ccca579d52e6d37d296ebd"}
}
