TN:
SF:src/assets/images/star.png
FNF:0
FNH:0
DA:1,1
LF:1
LH:1
BRF:0
BRH:0
end_of_record
TN:
SF:src/components/ImageIcon/ImageIcon.tsx
FN:9,ImageIcon
FNF:1
FNH:1
FNDA:2,ImageIcon
DA:10,2
LF:1
LH:1
BRDA:9,0,0,2
BRF:1
BRH:1
end_of_record
TN:
SF:src/components/StarRating/StarRating.tsx
FN:13,StarRating
FNF:1
FNH:1
FNDA:3,StarRating
DA:8,1
DA:14,3
DA:15,1
DA:18,2
DA:26,1
LF:5
LH:5
BRDA:14,0,0,1
BRDA:14,0,1,2
BRF:2
BRH:2
end_of_record
TN:
SF:src/screens/ShowDetailsScreen/components/SeasonModal/SeasonModal.tsx
FN:13,(anonymous_0)
FN:14,handleSelect
FN:26,(anonymous_2)
FN:29,(anonymous_3)
FNF:4
FNH:4
FNDA:2,(anonymous_0)
FNDA:1,handleSelect
FNDA:6,(anonymous_2)
FNDA:1,(anonymous_3)
DA:12,1
DA:15,1
DA:16,1
DA:19,2
DA:27,6
DA:29,1
DA:40,1
LF:7
LH:7
BRF:0
BRH:0
end_of_record
TN:
SF:src/styles/colors.ts
FNF:0
FNH:0
DA:1,2
LF:1
LH:1
BRF:0
BRH:0
end_of_record
